<?xml version="1.0" encoding="UTF-8"?>
<testsuite name="test" tests="6" skipped="0" failures="3" errors="0" timestamp="2021-04-06T16:53:14" hostname="MacBook-Pro-de-Carlos.local" time="11.469">
  <properties/>
  <testcase name=": Crear empleado en Dummy" classname="test" time="3.799">
    <failure message="java.lang.AssertionError: El status code obtenido no corresponde al esperado por intermitencia del servicio - &#10;Expected: &lt;200&gt;&#10;     but: was &lt;429&gt;" type="java.lang.AssertionError">java.lang.AssertionError: El status code obtenido no corresponde al esperado por intermitencia del servicio - 
Expected: &lt;200&gt;
     but: was &lt;429&gt;
	at net.serenitybdd.screenplay.ErrorTally.throwSummaryExceptionFrom(ErrorTally.java:36)
	at net.serenitybdd.screenplay.ErrorTally.reportAnyErrors(ErrorTally.java:30)
	at net.serenitybdd.screenplay.Actor.should(Actor.java:316)
	at task.Crear.performAs(Crear.java:37)
	at task.Crear$ByteBuddy$vH6mFEbr.performAs$accessor$xTWPJw8i(Unknown Source)
	at java.base/jdk.internal.reflect.NativeMethodAccessorImpl.invoke0(Native Method)
	at java.base/jdk.internal.reflect.NativeMethodAccessorImpl.invoke(NativeMethodAccessorImpl.java:62)
	at java.base/jdk.internal.reflect.DelegatingMethodAccessorImpl.invoke(DelegatingMethodAccessorImpl.java:43)
	at java.base/java.lang.reflect.Method.invoke(Method.java:566)
	at net.thucydides.core.steps.StepInterceptor.invokeMethod(StepInterceptor.java:488)
	at net.thucydides.core.steps.StepInterceptor.executeTestStepMethod(StepInterceptor.java:468)
	at net.thucydides.core.steps.StepInterceptor.runTestStep(StepInterceptor.java:441)
	at net.thucydides.core.steps.StepInterceptor.runOrSkipMethod(StepInterceptor.java:197)
	at net.thucydides.core.steps.StepInterceptor.testStepResult(StepInterceptor.java:184)
	at net.thucydides.core.steps.StepInterceptor.intercept(StepInterceptor.java:77)
	at task.Crear$ByteBuddy$vH6mFEbr.performAs(Unknown Source)
	at net.serenitybdd.screenplay.Actor.performTask(Actor.java:248)
	at net.serenitybdd.screenplay.Actor.perform(Actor.java:229)
	at net.serenitybdd.screenplay.Actor.attemptsTo(Actor.java:175)
	at stepdefinitions.GestionEmpleadosDefinitions.crearEmpleado(GestionEmpleadosDefinitions.java:28)
	at ✽.se crea un empleado con los siguientes datos:(file:///Users/carloszuluaga/Documents/Automation/PruebaT-cnicaLulo-main/src/test/resources/features/gestion_empleados.feature:13)
</failure>
  </testcase>
  <testcase name=": Consultar empleado en Dummy" classname="test" time="1.095"/>
  <testcase name=": Eliminar empleado en Dummy" classname="test" time="0.958">
    <failure message="java.lang.AssertionError: El status code obtenido no corresponde al esperado por intermitencia del servicio - &#10;Expected: &lt;200&gt;&#10;     but: was &lt;429&gt;" type="java.lang.AssertionError">java.lang.AssertionError: El status code obtenido no corresponde al esperado por intermitencia del servicio - 
Expected: &lt;200&gt;
     but: was &lt;429&gt;
	at net.serenitybdd.screenplay.ErrorTally.throwSummaryExceptionFrom(ErrorTally.java:36)
	at net.serenitybdd.screenplay.ErrorTally.reportAnyErrors(ErrorTally.java:30)
	at net.serenitybdd.screenplay.Actor.should(Actor.java:316)
	at task.EliminarEmpleado.performAs(EliminarEmpleado.java:28)
	at task.EliminarEmpleado$ByteBuddy$DEA696WI.performAs$accessor$froJ6SYP(Unknown Source)
	at java.base/jdk.internal.reflect.NativeMethodAccessorImpl.invoke0(Native Method)
	at java.base/jdk.internal.reflect.NativeMethodAccessorImpl.invoke(NativeMethodAccessorImpl.java:62)
	at java.base/jdk.internal.reflect.DelegatingMethodAccessorImpl.invoke(DelegatingMethodAccessorImpl.java:43)
	at java.base/java.lang.reflect.Method.invoke(Method.java:566)
	at net.thucydides.core.steps.StepInterceptor.invokeMethod(StepInterceptor.java:488)
	at net.thucydides.core.steps.StepInterceptor.executeTestStepMethod(StepInterceptor.java:468)
	at net.thucydides.core.steps.StepInterceptor.runTestStep(StepInterceptor.java:441)
	at net.thucydides.core.steps.StepInterceptor.runOrSkipMethod(StepInterceptor.java:197)
	at net.thucydides.core.steps.StepInterceptor.testStepResult(StepInterceptor.java:184)
	at net.thucydides.core.steps.StepInterceptor.intercept(StepInterceptor.java:77)
	at task.EliminarEmpleado$ByteBuddy$DEA696WI.performAs(Unknown Source)
	at net.serenitybdd.screenplay.Actor.performTask(Actor.java:248)
	at net.serenitybdd.screenplay.Actor.perform(Actor.java:229)
	at net.serenitybdd.screenplay.Actor.attemptsTo(Actor.java:175)
	at stepdefinitions.GestionEmpleadosDefinitions.eliminarEmpleado(GestionEmpleadosDefinitions.java:50)
	at ✽.se elimine el empleado con id 5(file:///Users/carloszuluaga/Documents/Automation/PruebaT-cnicaLulo-main/src/test/resources/features/gestion_empleados.feature:27)
</failure>
  </testcase>
  <testcase name=": Eliminar empleado en Dummy" classname="test" time="0.923"/>
  <testcase name=": Actualizar empleado en Dummy" classname="test" time="0.905">
    <failure message="java.lang.AssertionError: El status code obtenido no corresponde al esperado por intermitencia del servicio - &#10;Expected: &lt;200&gt;&#10;     but: was &lt;429&gt;" type="java.lang.AssertionError">java.lang.AssertionError: El status code obtenido no corresponde al esperado por intermitencia del servicio - 
Expected: &lt;200&gt;
     but: was &lt;429&gt;
	at net.serenitybdd.screenplay.ErrorTally.throwSummaryExceptionFrom(ErrorTally.java:36)
	at net.serenitybdd.screenplay.ErrorTally.reportAnyErrors(ErrorTally.java:30)
	at net.serenitybdd.screenplay.Actor.should(Actor.java:316)
	at task.ActualizarEmpleado.performAs(ActualizarEmpleado.java:38)
	at task.ActualizarEmpleado$ByteBuddy$dNB5nDdF.performAs$accessor$rbFZjMtf(Unknown Source)
	at java.base/jdk.internal.reflect.NativeMethodAccessorImpl.invoke0(Native Method)
	at java.base/jdk.internal.reflect.NativeMethodAccessorImpl.invoke(NativeMethodAccessorImpl.java:62)
	at java.base/jdk.internal.reflect.DelegatingMethodAccessorImpl.invoke(DelegatingMethodAccessorImpl.java:43)
	at java.base/java.lang.reflect.Method.invoke(Method.java:566)
	at net.thucydides.core.steps.StepInterceptor.invokeMethod(StepInterceptor.java:488)
	at net.thucydides.core.steps.StepInterceptor.executeTestStepMethod(StepInterceptor.java:468)
	at net.thucydides.core.steps.StepInterceptor.runTestStep(StepInterceptor.java:441)
	at net.thucydides.core.steps.StepInterceptor.runOrSkipMethod(StepInterceptor.java:197)
	at net.thucydides.core.steps.StepInterceptor.testStepResult(StepInterceptor.java:184)
	at net.thucydides.core.steps.StepInterceptor.intercept(StepInterceptor.java:77)
	at task.ActualizarEmpleado$ByteBuddy$dNB5nDdF.performAs(Unknown Source)
	at net.serenitybdd.screenplay.Actor.performTask(Actor.java:248)
	at net.serenitybdd.screenplay.Actor.perform(Actor.java:229)
	at net.serenitybdd.screenplay.Actor.attemptsTo(Actor.java:175)
	at stepdefinitions.GestionEmpleadosDefinitions.actualizarEmpleado(GestionEmpleadosDefinitions.java:56)
	at ✽.se actualice el empleado con id 5 con los siguientes datos:(file:///Users/carloszuluaga/Documents/Automation/PruebaT-cnicaLulo-main/src/test/resources/features/gestion_empleados.feature:37)
</failure>
  </testcase>
  <testcase name="Escenario Transversal Creación, consulta, Actualización y eliminación del Empleado" classname="test" time="3.789"/>
  <system-out><![CDATA[Feature from file:///Users/carloszuluaga/Documents/Automation/PruebaT-cnicaLulo-main/src/test/resources/features/gestion_empleados.feature
Step argument class io.cucumber.core.gherkin.vintage.GherkinVintageDataTableArgument
Request method:	POST
Request URI:	http://dummy.restapiexample.com/api/v1/create
Proxy:			<none>
Request params:	<none>
Query params:	<none>
Form params:	<none>
Path params:	<none>
Headers:		Accept=*/*
				Content-Type=application/json; charset=UTF-8
Cookies:		<none>
Multiparts:		<none>
Body:
{
    "nombre": "Wilson Buelvas",
    "salario": "350000",
    "edad": "25"
}
Step argument class io.cucumber.core.gherkin.vintage.GherkinVintageDataTableArgument
Feature from file:///Users/carloszuluaga/Documents/Automation/PruebaT-cnicaLulo-main/src/test/resources/features/gestion_empleados.feature
{
    "status": "success",
    "data": {
        "id": 1,
        "employee_name": "Tiger Nixon",
        "employee_salary": 320800,
        "employee_age": 61,
        "profile_image": ""
    },
    "message": "Successfully! Record has been fetched."
}
Feature from file:///Users/carloszuluaga/Documents/Automation/PruebaT-cnicaLulo-main/src/test/resources/features/gestion_empleados.feature
<html lang="en">
  <head>
    <meta charset="utf-8"/>
    <meta name="viewport" content="width=device-width, initial-scale=1"/>
    <title>Too Many Requests</title>
    <link rel="dns-prefetch" href="//fonts.gstatic.com"/>
    <link href="https://fonts.googleapis.com/css?family=Nunito" rel="stylesheet"/>
    <style>
            html, body {
                background-color: #fff;
                color: #636b6f;
                font-family: 'Nunito', sans-serif;
                font-weight: 100;
                height: 100vh;
                margin: 0;
            }

            .full-height {
                height: 100vh;
            }

            .flex-center {
                align-items: center;
                display: flex;
                justify-content: center;
            }

            .position-ref {
                position: relative;
            }

            .code {
                border-right: 2px solid;
                font-size: 26px;
                padding: 0 15px 0 15px;
                text-align: center;
            }

            .message {
                font-size: 18px;
                text-align: center;
            }
        </style>
  </head>
  <body>
    <div class="flex-center position-ref full-height">
      <div class="code">
                429            </div>
      <div class="message" style="padding: 10px;">
                Too Many Requests            </div>
    </div>
  </body>
</html>
Feature from file:///Users/carloszuluaga/Documents/Automation/PruebaT-cnicaLulo-main/src/test/resources/features/gestion_empleados.feature
{
    "status": "success",
    "data": "3",
    "message": "Successfully! Record has been deleted"
}
Feature from file:///Users/carloszuluaga/Documents/Automation/PruebaT-cnicaLulo-main/src/test/resources/features/gestion_empleados.feature
Step argument class io.cucumber.core.gherkin.vintage.GherkinVintageDataTableArgument
Request method:	PUT
Request URI:	http://dummy.restapiexample.com/api/v1/update/5
Proxy:			<none>
Request params:	<none>
Query params:	<none>
Form params:	<none>
Path params:	<none>
Headers:		Accept=*/*
				Content-Type=application/json; charset=UTF-8
Cookies:		<none>
Multiparts:		<none>
Body:
{
    "nombre": "Wilson Javier",
    "salario": "350000",
    "edad": "25"
}
<html lang="en">
  <head>
    <meta charset="utf-8"/>
    <meta name="viewport" content="width=device-width, initial-scale=1"/>
    <title>Too Many Requests</title>
    <link rel="dns-prefetch" href="//fonts.gstatic.com"/>
    <link href="https://fonts.googleapis.com/css?family=Nunito" rel="stylesheet"/>
    <style>
            html, body {
                background-color: #fff;
                color: #636b6f;
                font-family: 'Nunito', sans-serif;
                font-weight: 100;
                height: 100vh;
                margin: 0;
            }

            .full-height {
                height: 100vh;
            }

            .flex-center {
                align-items: center;
                display: flex;
                justify-content: center;
            }

            .position-ref {
                position: relative;
            }

            .code {
                border-right: 2px solid;
                font-size: 26px;
                padding: 0 15px 0 15px;
                text-align: center;
            }

            .message {
                font-size: 18px;
                text-align: center;
            }
        </style>
  </head>
  <body>
    <div class="flex-center position-ref full-height">
      <div class="code">
                429            </div>
      <div class="message" style="padding: 10px;">
                Too Many Requests            </div>
    </div>
  </body>
</html>
Step argument class io.cucumber.core.gherkin.vintage.GherkinVintageDataTableArgument
Feature from file:///Users/carloszuluaga/Documents/Automation/PruebaT-cnicaLulo-main/src/test/resources/features/gestion_empleados.feature
Step argument class io.cucumber.core.gherkin.vintage.GherkinVintageDataTableArgument
Request method:	POST
Request URI:	http://dummy.restapiexample.com/api/v1/create
Proxy:			<none>
Request params:	<none>
Query params:	<none>
Form params:	<none>
Path params:	<none>
Headers:		Accept=*/*
				Content-Type=application/json; charset=UTF-8
Cookies:		<none>
Multiparts:		<none>
Body:
{
    "nombre": "Wilson Javier",
    "salario": "350000",
    "edad": "25"
}
{
    "status": "success",
    "data": null,
    "message": "Successfully! Record has been fetched."
}
Step argument class io.cucumber.core.gherkin.vintage.GherkinVintageDataTableArgument
Request method:	PUT
Request URI:	http://dummy.restapiexample.com/api/v1/update/6208
Proxy:			<none>
Request params:	<none>
Query params:	<none>
Form params:	<none>
Path params:	<none>
Headers:		Accept=*/*
				Content-Type=application/json; charset=UTF-8
Cookies:		<none>
Multiparts:		<none>
Body:
{
    "nombre": "Wilson Buelvas",
    "salario": "250000",
    "edad": "31"
}
{
    "status": "success",
    "data": {
        "nombre": "Wilson Buelvas",
        "salario": "250000",
        "edad": "31"
    },
    "message": "Successfully! Record has been updated."
}
{
    "status": "success",
    "data": "6208",
    "message": "Successfully! Record has been deleted"
}
]]></system-out>
  <system-err><![CDATA[[Test worker] INFO  - 
 _____ _____ ____ _____   ____ _____  _    ____ _____ _____ ____  
|_   _| ____/ ___|_   _| / ___|_   _|/ \  |  _ \_   _| ____|  _ \ 
  | | |  _| \___ \ | |   \___ \ | | / _ \ | |_) || | |  _| | | | |
  | | | |___ ___) || |    ___) || |/ ___ \|  _ < | | | |___| |_| |
  |_| |_____|____/ |_|   |____/ |_/_/   \_\_| \_\|_| |_____|____/ 

: Crear empleado en Dummy(test;:-crear-empleado-en-dummy)
-------------------------------------------------------------------
[Test worker] INFO  -    * Dado que Wilson desea consumir la api de Dummy
[Test worker] INFO  -    * Cuando se crea un empleado con los siguientes datos:
| nombre | Wilson Buelvas |
| salario | 350000 |
| edad | 25 |
[Test worker] INFO  -      * Wilson crear
[Test worker] INFO  -        * Wilson executes a POST on the resource create
[Test worker] INFO  -        * Then El codigo de respuesta should be (200)
[Test worker] INFO  - STEP FAILURE: exceptions.StatusCodeFallido: El status code obtenido no corresponde al esperado por intermitencia del servicio - 
Expected: <200>
     but: was <429>
[Test worker] INFO  - STEP FAILURE: java.lang.AssertionError: El status code obtenido no corresponde al esperado por intermitencia del servicio - 
Expected: <200>
     but: was <429>
[Test worker] INFO  - STEP FAILURE: java.lang.AssertionError: El status code obtenido no corresponde al esperado por intermitencia del servicio - 
Expected: <200>
     but: was <429>
[Test worker] INFO  -          * Entonces la creaci?n del empleado es correcta obteniendo el estado success
[Test worker] INFO  -       -> STEP IGNORED
[Test worker] INFO  -          * Y el nombre del empleado creado corresponde a 'Wilson Buelvas'
[Test worker] INFO  -       -> STEP IGNORED
[Test worker] ERROR  - 
           __  _____ _____ ____ _____   _____ _    ___ _     _____ ____  
  _       / / |_   _| ____/ ___|_   _| |  ___/ \  |_ _| |   | ____|  _ \ 
 (_)_____| |    | | |  _| \___ \ | |   | |_ / _ \  | || |   |  _| | | | |
  _|_____| |    | | | |___ ___) || |   |  _/ ___ \ | || |___| |___| |_| |
 (_)     | |    |_| |_____|____/ |_|   |_|/_/   \_\___|_____|_____|____/ 
          \_\                                                            

: Crear empleado en Dummy
--------------------------------------------------------------------------
[Test worker] ERROR  -     Test failed at step: Then El codigo de respuesta should be (200)
[Test worker] ERROR  -     El status code obtenido no corresponde al esperado por intermitencia del servicio - Expected: <200> but: was <429>
[Test worker] INFO  - 
 _____ _____ ____ _____   ____ _____  _    ____ _____ _____ ____  
|_   _| ____/ ___|_   _| / ___|_   _|/ \  |  _ \_   _| ____|  _ \ 
  | | |  _| \___ \ | |   \___ \ | | / _ \ | |_) || | |  _| | | | |
  | | | |___ ___) || |    ___) || |/ ___ \|  _ < | | | |___| |_| |
  |_| |_____|____/ |_|   |____/ |_/_/   \_\_| \_\|_| |_____|____/ 

: Consultar empleado en Dummy(test;:-consultar-empleado-en-dummy)
-------------------------------------------------------------------
[Test worker] INFO  -          * Dado que Wilson desea consumir la api de Dummy
[Test worker] INFO  -          * Cuando se consulte un empleado existente en dummy por id 1
[Test worker] INFO  -            * Wilson consultar
[Test worker] INFO  -              * Wilson executes a GET on the resource employee/1
[Test worker] INFO  -              * Then El codigo de respuesta should be (200)
[Test worker] INFO  -          * Entonces la consulta del empleado es correcta obteniendo el estado success
[Test worker] INFO  -            * Then estado should be 'success'
[Test worker] INFO  -          * Y muestra el mensaje 'Successfully! Record has been fetched.'
[Test worker] INFO  -            * Then mensaje should be 'Successfully! Record has been fetched.'
[Test worker] INFO  - 
        __    _____ _____ ____ _____   ____   _    ____  ____  _____ ____  
  _     \ \  |_   _| ____/ ___|_   _| |  _ \ / \  / ___|/ ___|| ____|  _ \ 
 (_)_____| |   | | |  _| \___ \ | |   | |_) / _ \ \___ \\___ \|  _| | | | |
  _|_____| |   | | | |___ ___) || |   |  __/ ___ \ ___) |___) | |___| |_| |
 (_)     | |   |_| |_____|____/ |_|   |_| /_/   \_\____/|____/|_____|____/ 
        /_/                                                                

: Consultar empleado en Dummy
----------------------------------------------------------------------------
[Test worker] INFO  - 
 _____ _____ ____ _____   ____ _____  _    ____ _____ _____ ____  
|_   _| ____/ ___|_   _| / ___|_   _|/ \  |  _ \_   _| ____|  _ \ 
  | | |  _| \___ \ | |   \___ \ | | / _ \ | |_) || | |  _| | | | |
  | | | |___ ___) || |    ___) || |/ ___ \|  _ < | | | |___| |_| |
  |_| |_____|____/ |_|   |____/ |_/_/   \_\_| \_\|_| |_____|____/ 

: Eliminar empleado en Dummy(test;:-eliminar-empleado-en-dummy)
-------------------------------------------------------------------
[Test worker] INFO  -          * Example: {idEmpleado=5, estado=success, mensajeRespuesta=Successfully! Record has been deleted}
[Test worker] INFO  -            * Dado que Wilson desea consumir la api de Dummy
[Test worker] INFO  -            * Cuando se elimine el empleado con id 5
[Test worker] INFO  -              * Wilson eliminar empleado
[Test worker] INFO  -                * Wilson executes a DELETE on the resource delete/5
[Test worker] INFO  -                * Then El codigo de respuesta should be (200)
[Test worker] INFO  - STEP FAILURE: exceptions.StatusCodeFallido: El status code obtenido no corresponde al esperado por intermitencia del servicio - 
Expected: <200>
     but: was <429>
[Test worker] INFO  - STEP FAILURE: java.lang.AssertionError: El status code obtenido no corresponde al esperado por intermitencia del servicio - 
Expected: <200>
     but: was <429>
[Test worker] INFO  - STEP FAILURE: java.lang.AssertionError: El status code obtenido no corresponde al esperado por intermitencia del servicio - 
Expected: <200>
     but: was <429>
[Test worker] INFO  -                  * Entonces la eliminaci?n del empleado es correcta obteniendo el estado success
[Test worker] INFO  -       -> STEP IGNORED
[Test worker] INFO  -                  * Y muestra el mensaje 'Successfully! Record has been deleted'
[Test worker] INFO  -       -> STEP IGNORED
[Test worker] INFO  - STEP FAILURE: java.lang.AssertionError: El status code obtenido no corresponde al esperado por intermitencia del servicio - 
Expected: <200>
     but: was <429>
[Test worker] ERROR  - 
           __  _____ _____ ____ _____   _____ _    ___ _     _____ ____  
  _       / / |_   _| ____/ ___|_   _| |  ___/ \  |_ _| |   | ____|  _ \ 
 (_)_____| |    | | |  _| \___ \ | |   | |_ / _ \  | || |   |  _| | | | |
  _|_____| |    | | | |___ ___) || |   |  _/ ___ \ | || |___| |___| |_| |
 (_)     | |    |_| |_____|____/ |_|   |_|/_/   \_\___|_____|_____|____/ 
          \_\                                                            

: Eliminar empleado en Dummy
--------------------------------------------------------------------------
[Test worker] ERROR  -     Test failed at step: Then El codigo de respuesta should be (200)
[Test worker] ERROR  -     El status code obtenido no corresponde al esperado por intermitencia del servicio - Expected: <200> but: was <429>
[Test worker] INFO  -                  * Example: {idEmpleado=3, estado=success, mensajeRespuesta=Successfully! Record has been deleted}
[Test worker] INFO  -                    * Dado que Wilson desea consumir la api de Dummy
[Test worker] INFO  -                    * Cuando se elimine el empleado con id 3
[Test worker] INFO  -                      * Wilson eliminar empleado
[Test worker] INFO  -                        * Wilson executes a DELETE on the resource delete/3
[Test worker] INFO  -                        * Then El codigo de respuesta should be (200)
[Test worker] INFO  -                    * Entonces la eliminaci?n del empleado es correcta obteniendo el estado success
[Test worker] INFO  -                      * Then estado should be 'success'
[Test worker] INFO  -                    * Y muestra el mensaje 'Successfully! Record has been deleted'
[Test worker] INFO  -                      * Then mensaje should be 'Successfully! Record has been deleted'
[Test worker] ERROR  - 
           __  _____ _____ ____ _____   _____ _    ___ _     _____ ____  
  _       / / |_   _| ____/ ___|_   _| |  ___/ \  |_ _| |   | ____|  _ \ 
 (_)_____| |    | | |  _| \___ \ | |   | |_ / _ \  | || |   |  _| | | | |
  _|_____| |    | | | |___ ___) || |   |  _/ ___ \ | || |___| |___| |_| |
 (_)     | |    |_| |_____|____/ |_|   |_|/_/   \_\___|_____|_____|____/ 
          \_\                                                            

: Eliminar empleado en Dummy
--------------------------------------------------------------------------
[Test worker] ERROR  -     Test failed at step: Then El codigo de respuesta should be (200)
[Test worker] ERROR  -     El status code obtenido no corresponde al esperado por intermitencia del servicio - Expected: <200> but: was <429>
[Test worker] INFO  - 
 _____ _____ ____ _____   ____ _____  _    ____ _____ _____ ____  
|_   _| ____/ ___|_   _| / ___|_   _|/ \  |  _ \_   _| ____|  _ \ 
  | | |  _| \___ \ | |   \___ \ | | / _ \ | |_) || | |  _| | | | |
  | | | |___ ___) || |    ___) || |/ ___ \|  _ < | | | |___| |_| |
  |_| |_____|____/ |_|   |____/ |_/_/   \_\_| \_\|_| |_____|____/ 

: Actualizar empleado en Dummy(test;:-actualizar-empleado-en-dummy)
-------------------------------------------------------------------
[Test worker] INFO  -                  * Dado que Wilson desea consumir la api de Dummy
[Test worker] INFO  -                  * Cuando se actualice el empleado con id 5 con los siguientes datos:
| nombre | Wilson Javier |
| salario | 350000 |
| edad | 25 |
[Test worker] INFO  -                    * Wilson actualizar empleado
[Test worker] INFO  -                      * Wilson executes a PUT on the resource update/5
[Test worker] INFO  -                      * Then El codigo de respuesta should be (200)
[Test worker] INFO  - STEP FAILURE: exceptions.StatusCodeFallido: El status code obtenido no corresponde al esperado por intermitencia del servicio - 
Expected: <200>
     but: was <429>
[Test worker] INFO  - STEP FAILURE: java.lang.AssertionError: El status code obtenido no corresponde al esperado por intermitencia del servicio - 
Expected: <200>
     but: was <429>
[Test worker] INFO  - STEP FAILURE: java.lang.AssertionError: El status code obtenido no corresponde al esperado por intermitencia del servicio - 
Expected: <200>
     but: was <429>
[Test worker] INFO  -                        * Entonces la actualizaci?n del empleado es correcta obteniendo el estado success
[Test worker] INFO  -       -> STEP IGNORED
[Test worker] INFO  -                        * Y el nombre del empleado actualizado corresponde a 'Wilson Javier'
[Test worker] INFO  -       -> STEP IGNORED
[Test worker] ERROR  - 
           __  _____ _____ ____ _____   _____ _    ___ _     _____ ____  
  _       / / |_   _| ____/ ___|_   _| |  ___/ \  |_ _| |   | ____|  _ \ 
 (_)_____| |    | | |  _| \___ \ | |   | |_ / _ \  | || |   |  _| | | | |
  _|_____| |    | | | |___ ___) || |   |  _/ ___ \ | || |___| |___| |_| |
 (_)     | |    |_| |_____|____/ |_|   |_|/_/   \_\___|_____|_____|____/ 
          \_\                                                            

: Actualizar empleado en Dummy
--------------------------------------------------------------------------
[Test worker] ERROR  -     Test failed at step: Then El codigo de respuesta should be (200)
[Test worker] ERROR  -     El status code obtenido no corresponde al esperado por intermitencia del servicio - Expected: <200> but: was <429>
[Test worker] INFO  - 
 _____ _____ ____ _____   ____ _____  _    ____ _____ _____ ____  
|_   _| ____/ ___|_   _| / ___|_   _|/ \  |  _ \_   _| ____|  _ \ 
  | | |  _| \___ \ | |   \___ \ | | / _ \ | |_) || | |  _| | | | |
  | | | |___ ___) || |    ___) || |/ ___ \|  _ < | | | |___| |_| |
  |_| |_____|____/ |_|   |____/ |_/_/   \_\_| \_\|_| |_____|____/ 

Escenario Transversal Creaci?n, consulta, Actualizaci?n y eliminaci?n del Empleado(test;escenario-transversal-creaci?n--consulta--actualizaci?n-y-eliminaci?n-del-empleado)
-------------------------------------------------------------------
[Test worker] INFO  -                        * Dado que Wilson desea consumir la api de Dummy
[Test worker] INFO  -                        * Cuando se crea un empleado con los siguientes datos:
| nombre | Wilson Javier |
| salario | 350000 |
| edad | 25 |
[Test worker] INFO  -                          * Wilson crear
[Test worker] INFO  -                            * Wilson executes a POST on the resource create
[Test worker] INFO  -                            * Then El codigo de respuesta should be (200)
[Test worker] INFO  -                        * Y se consulte el empleado creado en Dummy
[Test worker] INFO  -                          * Wilson consultar
[Test worker] INFO  -                            * Wilson executes a GET on the resource employee/6208
[Test worker] INFO  -                            * Then El codigo de respuesta should be (200)
[Test worker] INFO  -                        * Y se actualice el empleado creado con los siguientes datos:
| nombre | Wilson Buelvas |
| salario | 250000 |
| edad | 31 |
[Test worker] INFO  -                          * Wilson actualizar empleado
[Test worker] INFO  -                            * Wilson executes a PUT on the resource update/6208
[Test worker] INFO  -                            * Then El codigo de respuesta should be (200)
[Test worker] INFO  -                        * Y se elimine el empleado
[Test worker] INFO  -                          * Wilson eliminar empleado
[Test worker] INFO  -                            * Wilson executes a DELETE on the resource delete/6208
[Test worker] INFO  -                            * Then El codigo de respuesta should be (200)
[Test worker] INFO  -                        * Entonces muestra el mensaje 'Successfully! Record has been deleted'
[Test worker] INFO  -                          * Then mensaje should be 'Successfully! Record has been deleted'
[Test worker] INFO  -                        * Y la eliminaci?n del empleado es correcta obteniendo el estado success
[Test worker] INFO  -                          * Then estado should be 'success'
[Test worker] INFO  - 
        __    _____ _____ ____ _____   ____   _    ____  ____  _____ ____  
  _     \ \  |_   _| ____/ ___|_   _| |  _ \ / \  / ___|/ ___|| ____|  _ \ 
 (_)_____| |   | | |  _| \___ \ | |   | |_) / _ \ \___ \\___ \|  _| | | | |
  _|_____| |   | | | |___ ___) || |   |  __/ ___ \ ___) |___) | |___| |_| |
 (_)     | |   |_| |_____|____/ |_|   |_| /_/   \_\____/|____/|_____|____/ 
        /_/                                                                

Escenario Transversal Creaci?n, consulta, Actualizaci?n y eliminaci?n del Empleado
----------------------------------------------------------------------------
]]></system-err>
</testsuite>
